<?xml version="1.0" encoding="UTF-8"?>
<!-- Generated by org.testng.reporters.JUnitReportReporter -->
<testsuite hostname="DESKTOP-F6O9FF0" failures="0" tests="1" name="org.example.AppTest" time="0.017" errors="0" timestamp="2021-03-28T16:15:34 TRT" skipped="0">
  <testcase classname="org.example.AppTest" name="shouldAnswerWithTrue" time="0.017"/>
  <system-out/>
</testsuite> <!-- org.example.AppTest -->
